<?xml version="1.0" encoding="UTF-8"?>
<testng-results ignored="0" total="1" passed="1" failed="0" skipped="0">
  <reporter-output>
  </reporter-output>
  <suite started-at="2023-07-25T01:53:22Z" name="Default suite" finished-at="2023-07-25T01:53:42Z" duration-ms="20408">
    <groups>
      <group name="cucumber">
        <method signature="AbstractTestNGCucumberTests.runScenario(io.cucumber.testng.PickleWrapper, io.cucumber.testng.FeatureWrapper)[pri:0, instance:runner.Runcuke@13c3c1e1]" name="runScenario" class="io.cucumber.testng.AbstractTestNGCucumberTests"/>
      </group> <!-- cucumber -->
    </groups>
    <test started-at="2023-07-25T01:53:22Z" name="Default test" finished-at="2023-07-25T01:53:42Z" duration-ms="20408">
      <class name="runner.Runcuke">
        <test-method is-config="true" signature="setUpClass(org.testng.ITestContext)[pri:0, instance:runner.Runcuke@13c3c1e1]" started-at="2023-07-25T01:53:22Z" name="setUpClass" finished-at="2023-07-25T01:53:22Z" duration-ms="425" status="PASS">
          <params>
            <param index="0">
              <value>
                <![CDATA[org.testng.TestRunner@a44effb]]>
              </value>
            </param>
          </params>
          <reporter-output>
          </reporter-output>
        </test-method> <!-- setUpClass -->
        <test-method signature="runScenario(io.cucumber.testng.PickleWrapper, io.cucumber.testng.FeatureWrapper)[pri:0, instance:runner.Runcuke@13c3c1e1]" started-at="2023-07-25T01:53:22Z" name="runScenario" description="Runs Cucumber Scenarios" data-provider="scenarios" finished-at="2023-07-25T01:53:41Z" duration-ms="18620" status="PASS">
          <params>
            <param index="0">
              <value>
                <![CDATA["Filteration of Sports Cars"]]>
              </value>
            </param>
            <param index="1">
              <value>
                <![CDATA["Mazda Website Filteration"]]>
              </value>
            </param>
          </params>
          <reporter-output>
          </reporter-output>
        </test-method> <!-- runScenario -->
        <test-method is-config="true" signature="tearDownClass()[pri:0, instance:runner.Runcuke@13c3c1e1]" started-at="2023-07-25T01:53:41Z" name="tearDownClass" finished-at="2023-07-25T01:53:42Z" duration-ms="1210" status="PASS">
          <reporter-output>
          </reporter-output>
        </test-method> <!-- tearDownClass -->
      </class> <!-- runner.Runcuke -->
    </test> <!-- Default test -->
  </suite> <!-- Default suite -->
</testng-results>
