<?xml version="1.0" encoding="UTF-8"?>
<testng-results ignored="0" total="1" passed="1" failed="0" skipped="0">
  <reporter-output>
  </reporter-output>
  <suite started-at="2023-07-25T02:28:33Z" name="Default suite" finished-at="2023-07-25T02:28:59Z" duration-ms="25604">
    <groups>
      <group name="cucumber">
        <method signature="AbstractTestNGCucumberTests.runScenario(io.cucumber.testng.PickleWrapper, io.cucumber.testng.FeatureWrapper)[pri:0, instance:runner.RunCuke@56c9bbd8]" name="runScenario" class="io.cucumber.testng.AbstractTestNGCucumberTests"/>
      </group> <!-- cucumber -->
    </groups>
    <test started-at="2023-07-25T02:28:33Z" name="Default test" finished-at="2023-07-25T02:28:59Z" duration-ms="25604">
      <class name="runner.RunCuke">
        <test-method is-config="true" signature="setUpClass(org.testng.ITestContext)[pri:0, instance:runner.RunCuke@56c9bbd8]" started-at="2023-07-25T02:28:33Z" name="setUpClass" finished-at="2023-07-25T02:28:34Z" duration-ms="419" status="PASS">
          <params>
            <param index="0">
              <value>
                <![CDATA[org.testng.TestRunner@749f61a3]]>
              </value>
            </param>
          </params>
          <reporter-output>
          </reporter-output>
        </test-method> <!-- setUpClass -->
        <test-method signature="runScenario(io.cucumber.testng.PickleWrapper, io.cucumber.testng.FeatureWrapper)[pri:0, instance:runner.RunCuke@56c9bbd8]" started-at="2023-07-25T02:28:34Z" name="runScenario" description="Runs Cucumber Scenarios" data-provider="scenarios" finished-at="2023-07-25T02:28:57Z" duration-ms="23764" status="PASS">
          <params>
            <param index="0">
              <value>
                <![CDATA["Filteration of Sports Cars"]]>
              </value>
            </param>
            <param index="1">
              <value>
                <![CDATA["Mazda Website Filteration"]]>
              </value>
            </param>
          </params>
          <reporter-output>
          </reporter-output>
        </test-method> <!-- runScenario -->
        <test-method is-config="true" signature="tearDownClass()[pri:0, instance:runner.RunCuke@56c9bbd8]" started-at="2023-07-25T02:28:58Z" name="tearDownClass" finished-at="2023-07-25T02:28:59Z" duration-ms="1250" status="PASS">
          <reporter-output>
          </reporter-output>
        </test-method> <!-- tearDownClass -->
      </class> <!-- runner.RunCuke -->
    </test> <!-- Default test -->
  </suite> <!-- Default suite -->
</testng-results>
